-------------------------------------------------------------------------------
Test set: com.dataart.selenium.tests.RegisterTest
-------------------------------------------------------------------------------
Tests run: 15, Failures: 2, Errors: 0, Skipped: 13, Time elapsed: 0.547 s <<< FAILURE! - in com.dataart.selenium.tests.RegisterTest
com.dataart.selenium.tests.RegisterTest.beforeSuite  Time elapsed: 0.36 s  <<< FAILURE!
java.lang.IllegalStateException: The driver executable does not exist: C:\Users\dvanin\Downloads\Git\dvanin-aut06\java\target\.\target\test-classes\chromedriver.exe

com.dataart.selenium.tests.RegisterTest.afterClass  Time elapsed: 0.003 s  <<< FAILURE!
java.lang.NullPointerException

