-------------------------------------------------------------------------------
Test set: com.dataart.selenium.tests.LoginTest
-------------------------------------------------------------------------------
Tests run: 11, Failures: 2, Errors: 0, Skipped: 9, Time elapsed: 0.499 s <<< FAILURE! - in com.dataart.selenium.tests.LoginTest
com.dataart.selenium.tests.LoginTest.beforeSuite  Time elapsed: 0.345 s  <<< FAILURE!
java.lang.IllegalStateException: The driver executable does not exist: C:\Users\dvanin\Downloads\Git\dvanin-aut06\java\target\.\target\test-classes\chromedriver.exe

com.dataart.selenium.tests.LoginTest.afterClass  Time elapsed: 0.003 s  <<< FAILURE!
java.lang.NullPointerException

