-------------------------------------------------------------------------------
Test set: com.dataart.selenium.tests.AppTest
-------------------------------------------------------------------------------
Tests run: 20, Failures: 2, Errors: 0, Skipped: 18, Time elapsed: 0.555 s <<< FAILURE! - in com.dataart.selenium.tests.AppTest
com.dataart.selenium.tests.AppTest.beforeSuite  Time elapsed: 0.366 s  <<< FAILURE!
java.lang.IllegalStateException: The driver executable does not exist: C:\Users\dvanin\Downloads\Git\dvanin-aut06\java\target\.\target\test-classes\chromedriver.exe

com.dataart.selenium.tests.AppTest.afterClass  Time elapsed: 0.004 s  <<< FAILURE!
java.lang.NullPointerException

