-------------------------------------------------------------------------------
Test set: com.dataart.selenium.tests.AjaxTest
-------------------------------------------------------------------------------
Tests run: 8, Failures: 2, Errors: 0, Skipped: 6, Time elapsed: 0.411 s <<< FAILURE! - in com.dataart.selenium.tests.AjaxTest
com.dataart.selenium.tests.AjaxTest.beforeSuite  Time elapsed: 0.378 s  <<< FAILURE!
java.lang.IllegalStateException: The driver executable does not exist: C:\Users\dvanin\Downloads\Git\dvanin-aut06\java\target\.\target\test-classes\chromedriver.exe

com.dataart.selenium.tests.AjaxTest.afterClass  Time elapsed: 0.004 s  <<< FAILURE!
java.lang.NullPointerException

