-------------------------------------------------------------------------------
Test set: com.dataart.selenium.tests.LogoutTest
-------------------------------------------------------------------------------
Tests run: 5, Failures: 2, Errors: 0, Skipped: 3, Time elapsed: 0.496 s <<< FAILURE! - in com.dataart.selenium.tests.LogoutTest
com.dataart.selenium.tests.LogoutTest.beforeSuite  Time elapsed: 0.349 s  <<< FAILURE!
java.lang.IllegalStateException: The driver executable does not exist: C:\Users\dvanin\Downloads\Git\dvanin-aut06\java\target\.\target\test-classes\chromedriver.exe

com.dataart.selenium.tests.LogoutTest.afterClass  Time elapsed: 0.004 s  <<< FAILURE!
java.lang.NullPointerException

